<?xml version="1.0" encoding="UTF-8"?>
<testng-results ignored="0" total="1" passed="1" failed="0" skipped="0">
  <reporter-output>
  </reporter-output>
  <suite started-at="2019-02-21T06:35:11Z" name="Suite" finished-at="2019-02-21T06:35:11Z" duration-ms="856">
    <groups>
    </groups>
    <test started-at="2019-02-21T06:35:11Z" name="Test" finished-at="2019-02-21T06:35:11Z" duration-ms="856">
      <class name="com.Testcases.IQMN_JS_L">
        <test-method is-config="true" signature="setUp()[pri:0, instance:com.Testcases.IQMN_JS_L@14555e0a]" started-at="2019-02-21T06:35:11Z" name="setUp" finished-at="2019-02-21T06:35:11Z" duration-ms="13" status="PASS">
          <reporter-output>
          </reporter-output>
        </test-method> <!-- setUp -->
        <test-method signature="iqmn_js()[pri:0, instance:com.Testcases.IQMN_JS_L@14555e0a]" started-at="2019-02-21T06:35:11Z" name="iqmn_js" finished-at="2019-02-21T06:35:11Z" duration-ms="828" status="PASS">
          <reporter-output>
          </reporter-output>
        </test-method> <!-- iqmn_js -->
        <test-method is-config="true" signature="tearDown()[pri:0, instance:com.Testcases.IQMN_JS_L@14555e0a]" started-at="2019-02-21T06:35:11Z" name="tearDown" finished-at="2019-02-21T06:35:11Z" duration-ms="1" status="PASS">
          <reporter-output>
          </reporter-output>
        </test-method> <!-- tearDown -->
      </class> <!-- com.Testcases.IQMN_JS_L -->
    </test> <!-- Test -->
  </suite> <!-- Suite -->
</testng-results>
