<?xml version="1.0" encoding="UTF-8"?>
<testng-results ignored="0" total="1" passed="1" failed="0" skipped="0">
  <reporter-output>
  </reporter-output>
  <suite started-at="2019-02-25T13:31:57Z" name="Suite" finished-at="2019-02-25T13:32:14Z" duration-ms="16538">
    <groups>
    </groups>
    <test started-at="2019-02-25T13:31:57Z" name="Test" finished-at="2019-02-25T13:32:14Z" duration-ms="16538">
      <class name="com.Testcases.IQMN_JS_JN2">
        <test-method is-config="true" signature="setUp()[pri:0, instance:com.Testcases.IQMN_JS_JN2@741a8937]" started-at="2019-02-25T13:31:56Z" name="setUp" finished-at="2019-02-25T13:31:57Z" duration-ms="958" status="PASS">
          <reporter-output>
          </reporter-output>
        </test-method> <!-- setUp -->
        <test-method signature="Testing()[pri:0, instance:com.Testcases.IQMN_JS_JN2@741a8937]" started-at="2019-02-25T13:31:57Z" name="Testing" finished-at="2019-02-25T13:32:13Z" duration-ms="16465" status="PASS">
          <reporter-output>
          </reporter-output>
        </test-method> <!-- Testing -->
        <test-method is-config="true" signature="getResult(org.testng.ITestResult)[pri:0, instance:com.Testcases.IQMN_JS_JN2@741a8937]" started-at="2019-02-25T13:32:14Z" name="getResult" finished-at="2019-02-25T13:32:14Z" duration-ms="4" status="PASS">
          <params>
            <param index="0">
              <value>
                <![CDATA[[TestResult name=Testing status=SUCCESS method=IQMN_JS_JN2.Testing()[pri:0, instance:com.Testcases.IQMN_JS_JN2@741a8937] output={null}]]]>
              </value>
            </param>
          </params>
          <reporter-output>
          </reporter-output>
        </test-method> <!-- getResult -->
        <test-method is-config="true" signature="tearDown()[pri:0, instance:com.Testcases.IQMN_JS_JN2@741a8937]" started-at="2019-02-25T13:32:14Z" name="tearDown" finished-at="2019-02-25T13:32:15Z" duration-ms="1463" status="PASS">
          <reporter-output>
          </reporter-output>
        </test-method> <!-- tearDown -->
      </class> <!-- com.Testcases.IQMN_JS_JN2 -->
    </test> <!-- Test -->
  </suite> <!-- Suite -->
</testng-results>
